Determining if the Q_WS_MAC exist passed with the following output:
Change Dir: /Users/phoenix2406/Documents/Cours/PPS4/projet/telemetre_git/telemetre/projet_cmake/ihm/Build/CMakeFiles/CMakeTmp

Run Build Command:/usr/bin/make "cmTryCompileExec3289264136/fast"
/usr/bin/make -f CMakeFiles/cmTryCompileExec3289264136.dir/build.make CMakeFiles/cmTryCompileExec3289264136.dir/build
"/Applications/CMake 2.8-10.app/Contents/bin/cmake" -E cmake_progress_report /Users/phoenix2406/Documents/Cours/PPS4/projet/telemetre_git/telemetre/projet_cmake/ihm/Build/CMakeFiles/CMakeTmp/CMakeFiles 1
Building CXX object CMakeFiles/cmTryCompileExec3289264136.dir/CheckSymbolExists.cxx.o
/usr/bin/clang++    -F/Library/Frameworks    -o CMakeFiles/cmTryCompileExec3289264136.dir/CheckSymbolExists.cxx.o -c /Users/phoenix2406/Documents/Cours/PPS4/projet/telemetre_git/telemetre/projet_cmake/ihm/Build/CMakeFiles/CMakeTmp/CheckSymbolExists.cxx
Linking CXX executable cmTryCompileExec3289264136
"/Applications/CMake 2.8-10.app/Contents/bin/cmake" -E cmake_link_script CMakeFiles/cmTryCompileExec3289264136.dir/link.txt --verbose=1
/usr/bin/clang++       -Wl,-search_paths_first -Wl,-headerpad_max_install_names   CMakeFiles/cmTryCompileExec3289264136.dir/CheckSymbolExists.cxx.o  -o cmTryCompileExec3289264136  

File /Users/phoenix2406/Documents/Cours/PPS4/projet/telemetre_git/telemetre/projet_cmake/ihm/Build/CMakeFiles/CMakeTmp/CheckSymbolExists.cxx:
/* */
#include <QtCore/qglobal.h>

int main(int argc, char** argv)
{
  (void)argv;
#ifndef Q_WS_MAC
  return ((int*)(&Q_WS_MAC))[argc];
#else
  (void)argc;
  return 0;
#endif
}

Determining if the QT_MAC_USE_COCOA exist passed with the following output:
Change Dir: /Users/phoenix2406/Documents/Cours/PPS4/projet/telemetre_git/telemetre/projet_cmake/ihm/Build/CMakeFiles/CMakeTmp

Run Build Command:/usr/bin/make "cmTryCompileExec2602898569/fast"
/usr/bin/make -f CMakeFiles/cmTryCompileExec2602898569.dir/build.make CMakeFiles/cmTryCompileExec2602898569.dir/build
"/Applications/CMake 2.8-10.app/Contents/bin/cmake" -E cmake_progress_report /Users/phoenix2406/Documents/Cours/PPS4/projet/telemetre_git/telemetre/projet_cmake/ihm/Build/CMakeFiles/CMakeTmp/CMakeFiles 1
Building CXX object CMakeFiles/cmTryCompileExec2602898569.dir/CheckSymbolExists.cxx.o
/usr/bin/clang++    -F/Library/Frameworks    -o CMakeFiles/cmTryCompileExec2602898569.dir/CheckSymbolExists.cxx.o -c /Users/phoenix2406/Documents/Cours/PPS4/projet/telemetre_git/telemetre/projet_cmake/ihm/Build/CMakeFiles/CMakeTmp/CheckSymbolExists.cxx
Linking CXX executable cmTryCompileExec2602898569
"/Applications/CMake 2.8-10.app/Contents/bin/cmake" -E cmake_link_script CMakeFiles/cmTryCompileExec2602898569.dir/link.txt --verbose=1
/usr/bin/clang++       -Wl,-search_paths_first -Wl,-headerpad_max_install_names   CMakeFiles/cmTryCompileExec2602898569.dir/CheckSymbolExists.cxx.o  -o cmTryCompileExec2602898569  

File /Users/phoenix2406/Documents/Cours/PPS4/projet/telemetre_git/telemetre/projet_cmake/ihm/Build/CMakeFiles/CMakeTmp/CheckSymbolExists.cxx:
/* */
#include <QtCore/qconfig.h>

int main(int argc, char** argv)
{
  (void)argv;
#ifndef QT_MAC_USE_COCOA
  return ((int*)(&QT_MAC_USE_COCOA))[argc];
#else
  (void)argc;
  return 0;
#endif
}

