Determining if the Q_WS_X11 exist failed with the following output:
Change Dir: /Users/phoenix2406/Documents/Cours/PPS4/projet/telemetre_git/telemetre/projet_cmake/ihm/Build/CMakeFiles/CMakeTmp

Run Build Command:/usr/bin/make "cmTryCompileExec556175488/fast"
/usr/bin/make -f CMakeFiles/cmTryCompileExec556175488.dir/build.make CMakeFiles/cmTryCompileExec556175488.dir/build
"/Applications/CMake 2.8-10.app/Contents/bin/cmake" -E cmake_progress_report /Users/phoenix2406/Documents/Cours/PPS4/projet/telemetre_git/telemetre/projet_cmake/ihm/Build/CMakeFiles/CMakeTmp/CMakeFiles 1
Building CXX object CMakeFiles/cmTryCompileExec556175488.dir/CheckSymbolExists.cxx.o
/usr/bin/clang++    -F/Library/Frameworks    -o CMakeFiles/cmTryCompileExec556175488.dir/CheckSymbolExists.cxx.o -c /Users/phoenix2406/Documents/Cours/PPS4/projet/telemetre_git/telemetre/projet_cmake/ihm/Build/CMakeFiles/CMakeTmp/CheckSymbolExists.cxx
/Users/phoenix2406/Documents/Cours/PPS4/projet/telemetre_git/telemetre/projet_cmake/ihm/Build/CMakeFiles/CMakeTmp/CheckSymbolExists.cxx:8:19: error: use of undeclared identifier 'Q_WS_X11'
  return ((int*)(&Q_WS_X11))[argc];
                  ^
1 error generated.
make[2]: *** [CMakeFiles/cmTryCompileExec556175488.dir/CheckSymbolExists.cxx.o] Error 1
make[1]: *** [cmTryCompileExec556175488/fast] Error 2

File /Users/phoenix2406/Documents/Cours/PPS4/projet/telemetre_git/telemetre/projet_cmake/ihm/Build/CMakeFiles/CMakeTmp/CheckSymbolExists.cxx:
/* */
#include <QtCore/qglobal.h>

int main(int argc, char** argv)
{
  (void)argv;
#ifndef Q_WS_X11
  return ((int*)(&Q_WS_X11))[argc];
#else
  (void)argc;
  return 0;
#endif
}

Determining if the Q_WS_WIN exist failed with the following output:
Change Dir: /Users/phoenix2406/Documents/Cours/PPS4/projet/telemetre_git/telemetre/projet_cmake/ihm/Build/CMakeFiles/CMakeTmp

Run Build Command:/usr/bin/make "cmTryCompileExec2775630174/fast"
/usr/bin/make -f CMakeFiles/cmTryCompileExec2775630174.dir/build.make CMakeFiles/cmTryCompileExec2775630174.dir/build
"/Applications/CMake 2.8-10.app/Contents/bin/cmake" -E cmake_progress_report /Users/phoenix2406/Documents/Cours/PPS4/projet/telemetre_git/telemetre/projet_cmake/ihm/Build/CMakeFiles/CMakeTmp/CMakeFiles 1
Building CXX object CMakeFiles/cmTryCompileExec2775630174.dir/CheckSymbolExists.cxx.o
/usr/bin/clang++    -F/Library/Frameworks    -o CMakeFiles/cmTryCompileExec2775630174.dir/CheckSymbolExists.cxx.o -c /Users/phoenix2406/Documents/Cours/PPS4/projet/telemetre_git/telemetre/projet_cmake/ihm/Build/CMakeFiles/CMakeTmp/CheckSymbolExists.cxx
/Users/phoenix2406/Documents/Cours/PPS4/projet/telemetre_git/telemetre/projet_cmake/ihm/Build/CMakeFiles/CMakeTmp/CheckSymbolExists.cxx:8:19: error: use of undeclared identifier 'Q_WS_WIN'
  return ((int*)(&Q_WS_WIN))[argc];
                  ^
1 error generated.
make[2]: *** [CMakeFiles/cmTryCompileExec2775630174.dir/CheckSymbolExists.cxx.o] Error 1
make[1]: *** [cmTryCompileExec2775630174/fast] Error 2

File /Users/phoenix2406/Documents/Cours/PPS4/projet/telemetre_git/telemetre/projet_cmake/ihm/Build/CMakeFiles/CMakeTmp/CheckSymbolExists.cxx:
/* */
#include <QtCore/qglobal.h>

int main(int argc, char** argv)
{
  (void)argv;
#ifndef Q_WS_WIN
  return ((int*)(&Q_WS_WIN))[argc];
#else
  (void)argc;
  return 0;
#endif
}

Determining if the Q_WS_QWS exist failed with the following output:
Change Dir: /Users/phoenix2406/Documents/Cours/PPS4/projet/telemetre_git/telemetre/projet_cmake/ihm/Build/CMakeFiles/CMakeTmp

Run Build Command:/usr/bin/make "cmTryCompileExec3918875241/fast"
/usr/bin/make -f CMakeFiles/cmTryCompileExec3918875241.dir/build.make CMakeFiles/cmTryCompileExec3918875241.dir/build
"/Applications/CMake 2.8-10.app/Contents/bin/cmake" -E cmake_progress_report /Users/phoenix2406/Documents/Cours/PPS4/projet/telemetre_git/telemetre/projet_cmake/ihm/Build/CMakeFiles/CMakeTmp/CMakeFiles 1
Building CXX object CMakeFiles/cmTryCompileExec3918875241.dir/CheckSymbolExists.cxx.o
/usr/bin/clang++    -F/Library/Frameworks    -o CMakeFiles/cmTryCompileExec3918875241.dir/CheckSymbolExists.cxx.o -c /Users/phoenix2406/Documents/Cours/PPS4/projet/telemetre_git/telemetre/projet_cmake/ihm/Build/CMakeFiles/CMakeTmp/CheckSymbolExists.cxx
/Users/phoenix2406/Documents/Cours/PPS4/projet/telemetre_git/telemetre/projet_cmake/ihm/Build/CMakeFiles/CMakeTmp/CheckSymbolExists.cxx:8:19: error: use of undeclared identifier 'Q_WS_QWS'
  return ((int*)(&Q_WS_QWS))[argc];
                  ^
1 error generated.
make[2]: *** [CMakeFiles/cmTryCompileExec3918875241.dir/CheckSymbolExists.cxx.o] Error 1
make[1]: *** [cmTryCompileExec3918875241/fast] Error 2

File /Users/phoenix2406/Documents/Cours/PPS4/projet/telemetre_git/telemetre/projet_cmake/ihm/Build/CMakeFiles/CMakeTmp/CheckSymbolExists.cxx:
/* */
#include <QtCore/qglobal.h>

int main(int argc, char** argv)
{
  (void)argv;
#ifndef Q_WS_QWS
  return ((int*)(&Q_WS_QWS))[argc];
#else
  (void)argc;
  return 0;
#endif
}

