Determining if the Q_WS_X11 exist failed with the following output:
Change Dir: /Users/phoenix2406/Documents/Cours/PPS4/projet/telemetre_git/telemetre/projet_cmake/ihm/CMakeFiles/CMakeTmp

Run Build Command:/usr/bin/make "cmTryCompileExec1074236507/fast"
/usr/bin/make -f CMakeFiles/cmTryCompileExec1074236507.dir/build.make CMakeFiles/cmTryCompileExec1074236507.dir/build
"/Applications/CMake 2.8-10.app/Contents/bin/cmake" -E cmake_progress_report /Users/phoenix2406/Documents/Cours/PPS4/projet/telemetre_git/telemetre/projet_cmake/ihm/CMakeFiles/CMakeTmp/CMakeFiles 1
Building CXX object CMakeFiles/cmTryCompileExec1074236507.dir/CheckSymbolExists.cxx.o
/usr/bin/c++    -F/Library/Frameworks    -o CMakeFiles/cmTryCompileExec1074236507.dir/CheckSymbolExists.cxx.o -c /Users/phoenix2406/Documents/Cours/PPS4/projet/telemetre_git/telemetre/projet_cmake/ihm/CMakeFiles/CMakeTmp/CheckSymbolExists.cxx
/Users/phoenix2406/Documents/Cours/PPS4/projet/telemetre_git/telemetre/projet_cmake/ihm/CMakeFiles/CMakeTmp/CheckSymbolExists.cxx:8:19: error: use of undeclared identifier 'Q_WS_X11'
  return ((int*)(&Q_WS_X11))[argc];
                  ^
1 error generated.
make[1]: *** [CMakeFiles/cmTryCompileExec1074236507.dir/CheckSymbolExists.cxx.o] Error 1
make: *** [cmTryCompileExec1074236507/fast] Error 2

File /Users/phoenix2406/Documents/Cours/PPS4/projet/telemetre_git/telemetre/projet_cmake/ihm/CMakeFiles/CMakeTmp/CheckSymbolExists.cxx:
/* */
#include <QtCore/qglobal.h>

int main(int argc, char** argv)
{
  (void)argv;
#ifndef Q_WS_X11
  return ((int*)(&Q_WS_X11))[argc];
#else
  (void)argc;
  return 0;
#endif
}

Determining if the Q_WS_WIN exist failed with the following output:
Change Dir: /Users/phoenix2406/Documents/Cours/PPS4/projet/telemetre_git/telemetre/projet_cmake/ihm/CMakeFiles/CMakeTmp

Run Build Command:/usr/bin/make "cmTryCompileExec3784889195/fast"
/usr/bin/make -f CMakeFiles/cmTryCompileExec3784889195.dir/build.make CMakeFiles/cmTryCompileExec3784889195.dir/build
"/Applications/CMake 2.8-10.app/Contents/bin/cmake" -E cmake_progress_report /Users/phoenix2406/Documents/Cours/PPS4/projet/telemetre_git/telemetre/projet_cmake/ihm/CMakeFiles/CMakeTmp/CMakeFiles 1
Building CXX object CMakeFiles/cmTryCompileExec3784889195.dir/CheckSymbolExists.cxx.o
/usr/bin/c++    -F/Library/Frameworks    -o CMakeFiles/cmTryCompileExec3784889195.dir/CheckSymbolExists.cxx.o -c /Users/phoenix2406/Documents/Cours/PPS4/projet/telemetre_git/telemetre/projet_cmake/ihm/CMakeFiles/CMakeTmp/CheckSymbolExists.cxx
/Users/phoenix2406/Documents/Cours/PPS4/projet/telemetre_git/telemetre/projet_cmake/ihm/CMakeFiles/CMakeTmp/CheckSymbolExists.cxx:8:19: error: use of undeclared identifier 'Q_WS_WIN'
  return ((int*)(&Q_WS_WIN))[argc];
                  ^
1 error generated.
make[1]: *** [CMakeFiles/cmTryCompileExec3784889195.dir/CheckSymbolExists.cxx.o] Error 1
make: *** [cmTryCompileExec3784889195/fast] Error 2

File /Users/phoenix2406/Documents/Cours/PPS4/projet/telemetre_git/telemetre/projet_cmake/ihm/CMakeFiles/CMakeTmp/CheckSymbolExists.cxx:
/* */
#include <QtCore/qglobal.h>

int main(int argc, char** argv)
{
  (void)argv;
#ifndef Q_WS_WIN
  return ((int*)(&Q_WS_WIN))[argc];
#else
  (void)argc;
  return 0;
#endif
}

Determining if the Q_WS_QWS exist failed with the following output:
Change Dir: /Users/phoenix2406/Documents/Cours/PPS4/projet/telemetre_git/telemetre/projet_cmake/ihm/CMakeFiles/CMakeTmp

Run Build Command:/usr/bin/make "cmTryCompileExec1091238091/fast"
/usr/bin/make -f CMakeFiles/cmTryCompileExec1091238091.dir/build.make CMakeFiles/cmTryCompileExec1091238091.dir/build
"/Applications/CMake 2.8-10.app/Contents/bin/cmake" -E cmake_progress_report /Users/phoenix2406/Documents/Cours/PPS4/projet/telemetre_git/telemetre/projet_cmake/ihm/CMakeFiles/CMakeTmp/CMakeFiles 1
Building CXX object CMakeFiles/cmTryCompileExec1091238091.dir/CheckSymbolExists.cxx.o
/usr/bin/c++    -F/Library/Frameworks    -o CMakeFiles/cmTryCompileExec1091238091.dir/CheckSymbolExists.cxx.o -c /Users/phoenix2406/Documents/Cours/PPS4/projet/telemetre_git/telemetre/projet_cmake/ihm/CMakeFiles/CMakeTmp/CheckSymbolExists.cxx
/Users/phoenix2406/Documents/Cours/PPS4/projet/telemetre_git/telemetre/projet_cmake/ihm/CMakeFiles/CMakeTmp/CheckSymbolExists.cxx:8:19: error: use of undeclared identifier 'Q_WS_QWS'
  return ((int*)(&Q_WS_QWS))[argc];
                  ^
1 error generated.
make[1]: *** [CMakeFiles/cmTryCompileExec1091238091.dir/CheckSymbolExists.cxx.o] Error 1
make: *** [cmTryCompileExec1091238091/fast] Error 2

File /Users/phoenix2406/Documents/Cours/PPS4/projet/telemetre_git/telemetre/projet_cmake/ihm/CMakeFiles/CMakeTmp/CheckSymbolExists.cxx:
/* */
#include <QtCore/qglobal.h>

int main(int argc, char** argv)
{
  (void)argv;
#ifndef Q_WS_QWS
  return ((int*)(&Q_WS_QWS))[argc];
#else
  (void)argc;
  return 0;
#endif
}

